{
  "stats": {
    "suites": 1,
    "tests": 2,
    "passes": 2,
    "pending": 0,
    "failures": 0,
    "start": "2022-11-14T04:24:03.552Z",
    "end": "2022-11-14T04:24:15.412Z",
    "duration": 7938,
    "testsRegistered": 2,
    "passPercent": 100,
    "pendingPercent": 0,
    "other": 0,
    "hasOther": false,
    "skipped": 0,
    "hasSkipped": false
  },
  "results": [
    {
      "uuid": "945c8ddb-3800-48d7-ad5f-8086c9bfd8a2",
      "title": "",
      "fullFile": "cypress/e2e/regression/contact-us.cy.js",
      "file": "cypress/e2e/regression/contact-us.cy.js",
      "beforeHooks": [],
      "afterHooks": [],
      "tests": [],
      "suites": [
        {
          "uuid": "0ec8f2b0-176a-40be-99bb-970bf2681b28",
          "title": "Test contact us form via Webdriver Uni",
          "fullFile": "",
          "file": "",
          "beforeHooks": [],
          "afterHooks": [],
          "tests": [
            {
              "title": "Should be able to submit via contact form",
              "fullTitle": "Test contact us form via Webdriver Uni Should be able to submit via contact form",
              "timedOut": null,
              "duration": 6889,
              "state": "passed",
              "speed": "medium",
              "pass": true,
              "fail": false,
              "pending": false,
              "context": null,
              "code": "cy.get('[name=\"first_name\"]').click().type(\"Samantha\");\ncy.get('[name=\"last_name\"]').click().type(\"Louw\");\ncy.get('[name=\"email\"]').click().type(\"sam@test.com\");\ncy.get('textarea.feedback-input').click().type(\"This is a message\");\ncy.get('[type=\"submit\"]').click();\ncy.get('h1').should(\"have.text\", \"Thank You for your Message!\");\ncy.url().should(\"equal\", \"https://www.webdriveruniversity.com/Contact-Us/contact-form-thank-you.html\");",
              "err": {},
              "uuid": "f088d5e4-c493-4ea1-b125-5a12465492c7",
              "parentUUID": "0ec8f2b0-176a-40be-99bb-970bf2681b28",
              "isHook": false,
              "skipped": false
            },
            {
              "title": "Should not be able to submit via contact form - all fields required",
              "fullTitle": "Test contact us form via Webdriver Uni Should not be able to submit via contact form - all fields required",
              "timedOut": null,
              "duration": 1049,
              "state": "passed",
              "speed": "fast",
              "pass": true,
              "fail": false,
              "pending": false,
              "context": null,
              "code": "cy.get('[name=\"first_name\"]').click().type(\"Samantha\");\ncy.get('[type=\"submit\"]').click();\ncy.get('body').should(\"contain.text\", \"Error: all fields are required\");",
              "err": {},
              "uuid": "c004998c-1117-489f-b637-7cc3f0007d37",
              "parentUUID": "0ec8f2b0-176a-40be-99bb-970bf2681b28",
              "isHook": false,
              "skipped": false
            }
          ],
          "suites": [],
          "passes": [
            "f088d5e4-c493-4ea1-b125-5a12465492c7",
            "c004998c-1117-489f-b637-7cc3f0007d37"
          ],
          "failures": [],
          "pending": [],
          "skipped": [],
          "duration": 7938,
          "root": false,
          "rootEmpty": false,
          "_timeout": 2000
        }
      ],
      "passes": [],
      "failures": [],
      "pending": [],
      "skipped": [],
      "duration": 0,
      "root": true,
      "rootEmpty": true,
      "_timeout": 2000
    }
  ],
  "meta": {
    "mocha": {
      "version": "7.0.1"
    },
    "mochawesome": {
      "options": {
        "quiet": true,
        "reportFilename": "report",
        "saveHtml": false,
        "saveJson": true,
        "consoleReporter": "spec",
        "useInlineDiffs": false,
        "code": true
      },
      "version": "7.1.3"
    },
    "marge": {
      "options": {
        "id": "default",
        "reportDir": "cypress/results/mochawesome",
        "reportFilename": "report",
        "quiet": true,
        "overwrite": false,
        "html": false,
        "json": true,
        "charts": true
      },
      "version": "6.2.0"
    }
  }
}