{
  "stats": {
    "suites": 1,
    "tests": 2,
    "passes": 2,
    "pending": 0,
    "failures": 0,
    "start": "2022-11-14T23:15:03.460Z",
    "end": "2022-11-14T23:15:15.338Z",
    "duration": 8333,
    "testsRegistered": 2,
    "passPercent": 100,
    "pendingPercent": 0,
    "other": 0,
    "hasOther": false,
    "skipped": 0,
    "hasSkipped": false
  },
  "results": [
    {
      "uuid": "8fba6f17-db9c-4a5d-99e5-58784d379e96",
      "title": "",
      "fullFile": "cypress/e2e/regression/contact-us.cy.js",
      "file": "cypress/e2e/regression/contact-us.cy.js",
      "beforeHooks": [],
      "afterHooks": [],
      "tests": [],
      "suites": [
        {
          "uuid": "b6fbebf1-ac43-4853-bf12-4b8e778eb141",
          "title": "Test contact us form via Webdriver Uni",
          "fullFile": "",
          "file": "",
          "beforeHooks": [],
          "afterHooks": [],
          "tests": [
            {
              "title": "Should be able to submit via contact form",
              "fullTitle": "Test contact us form via Webdriver Uni Should be able to submit via contact form",
              "timedOut": null,
              "duration": 7244,
              "state": "passed",
              "speed": "medium",
              "pass": true,
              "fail": false,
              "pending": false,
              "context": null,
              "code": "cy.get('[name=\"first_name\"]').click().type(\"Samantha\");\ncy.get('[name=\"last_name\"]').click().type(\"Louw\");\ncy.get('[name=\"email\"]').click().type(\"sam@test.com\");\ncy.get('textarea.feedback-input').click().type(\"This is a message\");\ncy.get('[type=\"submit\"]').click();\ncy.get('h1').should(\"have.text\", \"Thank You for your Message!\");\ncy.url().should(\"equal\", \"https://www.webdriveruniversity.com/Contact-Us/contact-form-thank-you.html\");",
              "err": {},
              "uuid": "a6f0072a-2412-49a6-9aea-201d2c45d618",
              "parentUUID": "b6fbebf1-ac43-4853-bf12-4b8e778eb141",
              "isHook": false,
              "skipped": false
            },
            {
              "title": "Should not be able to submit via contact form - all fields required",
              "fullTitle": "Test contact us form via Webdriver Uni Should not be able to submit via contact form - all fields required",
              "timedOut": null,
              "duration": 1089,
              "state": "passed",
              "speed": "fast",
              "pass": true,
              "fail": false,
              "pending": false,
              "context": null,
              "code": "cy.get('[name=\"first_name\"]').click().type(\"Samantha\");\ncy.get('[type=\"submit\"]').click();\ncy.get('body').should(\"contain.text\", \"Error: all fields are required\");",
              "err": {},
              "uuid": "aa25618c-8811-4c68-851e-445139d63e27",
              "parentUUID": "b6fbebf1-ac43-4853-bf12-4b8e778eb141",
              "isHook": false,
              "skipped": false
            }
          ],
          "suites": [],
          "passes": [
            "a6f0072a-2412-49a6-9aea-201d2c45d618",
            "aa25618c-8811-4c68-851e-445139d63e27"
          ],
          "failures": [],
          "pending": [],
          "skipped": [],
          "duration": 8333,
          "root": false,
          "rootEmpty": false,
          "_timeout": 2000
        }
      ],
      "passes": [],
      "failures": [],
      "pending": [],
      "skipped": [],
      "duration": 0,
      "root": true,
      "rootEmpty": true,
      "_timeout": 2000
    }
  ],
  "meta": {
    "mocha": {
      "version": "7.0.1"
    },
    "mochawesome": {
      "options": {
        "quiet": true,
        "reportFilename": "report",
        "saveHtml": false,
        "saveJson": true,
        "consoleReporter": "spec",
        "useInlineDiffs": false,
        "code": true
      },
      "version": "7.1.3"
    },
    "marge": {
      "options": {
        "id": "default",
        "reportDir": "cypress/results/mochawesome",
        "reportFilename": "report",
        "quiet": true,
        "overwrite": false,
        "html": false,
        "json": true,
        "charts": true
      },
      "version": "6.2.0"
    }
  }
}