{
  "stats": {
    "suites": 1,
    "tests": 2,
    "passes": 2,
    "pending": 0,
    "failures": 0,
    "start": "2022-11-14T04:07:41.198Z",
    "end": "2022-11-14T04:07:51.331Z",
    "duration": 6986,
    "testsRegistered": 2,
    "passPercent": 100,
    "pendingPercent": 0,
    "other": 0,
    "hasOther": false,
    "skipped": 0,
    "hasSkipped": false
  },
  "results": [
    {
      "uuid": "94f51044-7603-4bbd-9f10-dcab592ad972",
      "title": "",
      "fullFile": "cypress/e2e/regression/contact-us.cy.js",
      "file": "cypress/e2e/regression/contact-us.cy.js",
      "beforeHooks": [],
      "afterHooks": [],
      "tests": [],
      "suites": [
        {
          "uuid": "60bc5ec4-5746-4c72-83ee-fe7e8510ba15",
          "title": "Test contact us form via Webdriver Uni",
          "fullFile": "",
          "file": "",
          "beforeHooks": [],
          "afterHooks": [],
          "tests": [
            {
              "title": "Should be able to submit via contact form",
              "fullTitle": "Test contact us form via Webdriver Uni Should be able to submit via contact form",
              "timedOut": null,
              "duration": 5920,
              "state": "passed",
              "speed": "medium",
              "pass": true,
              "fail": false,
              "pending": false,
              "context": null,
              "code": "cy.get('[name=\"first_name\"]').click().type(\"Samantha\");\ncy.get('[name=\"last_name\"]').click().type(\"Louw\");\ncy.get('[name=\"email\"]').click().type(\"sam@test.com\");\ncy.get('textarea.feedback-input').click().type(\"This is a message\");\ncy.get('[type=\"submit\"]').click();\ncy.get('h1').should(\"have.text\", \"Thank You for your Message!\");\ncy.url().should(\"equal\", \"https://www.webdriveruniversity.com/Contact-Us/contact-form-thank-you.html\");",
              "err": {},
              "uuid": "2b3fdca9-ca60-4720-8c62-f2a6bbad2b7a",
              "parentUUID": "60bc5ec4-5746-4c72-83ee-fe7e8510ba15",
              "isHook": false,
              "skipped": false
            },
            {
              "title": "Should not be able to submit via contact form - all fields required",
              "fullTitle": "Test contact us form via Webdriver Uni Should not be able to submit via contact form - all fields required",
              "timedOut": null,
              "duration": 1066,
              "state": "passed",
              "speed": "fast",
              "pass": true,
              "fail": false,
              "pending": false,
              "context": null,
              "code": "cy.get('[name=\"first_name\"]').click().type(\"Samantha\");\ncy.get('[type=\"submit\"]').click();\ncy.get('body').should(\"contain.text\", \"Error: all fields are required\");",
              "err": {},
              "uuid": "5203513d-83d9-4714-918b-7c49835e8f9c",
              "parentUUID": "60bc5ec4-5746-4c72-83ee-fe7e8510ba15",
              "isHook": false,
              "skipped": false
            }
          ],
          "suites": [],
          "passes": [
            "2b3fdca9-ca60-4720-8c62-f2a6bbad2b7a",
            "5203513d-83d9-4714-918b-7c49835e8f9c"
          ],
          "failures": [],
          "pending": [],
          "skipped": [],
          "duration": 6986,
          "root": false,
          "rootEmpty": false,
          "_timeout": 2000
        }
      ],
      "passes": [],
      "failures": [],
      "pending": [],
      "skipped": [],
      "duration": 0,
      "root": true,
      "rootEmpty": true,
      "_timeout": 2000
    }
  ],
  "meta": {
    "mocha": {
      "version": "7.0.1"
    },
    "mochawesome": {
      "options": {
        "quiet": true,
        "reportFilename": "mochawesome",
        "saveHtml": false,
        "saveJson": true,
        "consoleReporter": "spec",
        "useInlineDiffs": false,
        "code": true
      },
      "version": "7.1.3"
    },
    "marge": {
      "options": {
        "id": "default",
        "reportDir": "cypress/results/mochawesome",
        "quiet": true,
        "overwrite": false,
        "html": false,
        "json": true
      },
      "version": "6.2.0"
    }
  }
}