{
  "stats": {
    "suites": 1,
    "tests": 2,
    "passes": 1,
    "pending": 0,
    "failures": 1,
    "start": "2022-11-14T04:09:49.235Z",
    "end": "2022-11-14T04:10:04.139Z",
    "duration": 14904,
    "testsRegistered": 2,
    "passPercent": 50,
    "pendingPercent": 0,
    "other": 0,
    "hasOther": false,
    "skipped": 0,
    "hasSkipped": false
  },
  "results": [
    {
      "uuid": "85ede7a1-7117-4534-93a7-8d5f7fd54932",
      "title": "",
      "fullFile": "cypress/e2e/regression/contact-us.cy.js",
      "file": "cypress/e2e/regression/contact-us.cy.js",
      "beforeHooks": [],
      "afterHooks": [],
      "tests": [],
      "suites": [
        {
          "uuid": "91018226-3a61-47a5-8dee-17825f08ffaa",
          "title": "Test contact us form via Webdriver Uni",
          "fullFile": "",
          "file": "",
          "beforeHooks": [],
          "afterHooks": [],
          "tests": [
            {
              "title": "Should be able to submit via contact form",
              "fullTitle": "Test contact us form via Webdriver Uni Should be able to submit via contact form",
              "timedOut": null,
              "duration": 6500,
              "state": "passed",
              "speed": "medium",
              "pass": true,
              "fail": false,
              "pending": false,
              "context": null,
              "code": "cy.get('[name=\"first_name\"]').click().type(\"Samantha\");\ncy.get('[name=\"last_name\"]').click().type(\"Louw\");\ncy.get('[name=\"email\"]').click().type(\"sam@test.com\");\ncy.get('textarea.feedback-input').click().type(\"This is a message\");\ncy.get('[type=\"submit\"]').click();\ncy.get('h1').should(\"have.text\", \"Thank You for your Message!\");\ncy.url().should(\"equal\", \"https://www.webdriveruniversity.com/Contact-Us/contact-form-thank-you.html\");",
              "err": {},
              "uuid": "e77ddf42-b537-46cb-a7d4-cf2de73cd740",
              "parentUUID": "91018226-3a61-47a5-8dee-17825f08ffaa",
              "isHook": false,
              "skipped": false
            },
            {
              "title": "Should not be able to submit via contact form - all fields required",
              "fullTitle": "Test contact us form via Webdriver Uni Should not be able to submit via contact form - all fields required",
              "timedOut": null,
              "duration": 5302,
              "state": "failed",
              "speed": null,
              "pass": false,
              "fail": true,
              "pending": false,
              "context": null,
              "code": "cy.get('[name=\"first_namesss\"]').click().type(\"Samantha\");\ncy.get('[type=\"submit\"]').click();\ncy.get('body').should(\"contain.text\", \"Error: all fields are required\");",
              "err": {
                "message": "AssertionError: Timed out retrying after 4000ms: Expected to find element: `[name=\"first_namesss\"]`, but never found it.",
                "estack": "AssertionError: Timed out retrying after 4000ms: Expected to find element: `[name=\"first_namesss\"]`, but never found it.\n    at Context.eval (webpack:///./cypress/e2e/regression/contact-us.cy.js:21:11)",
                "diff": null
              },
              "uuid": "cca2f805-54ef-414e-9d33-96ce0dd753dc",
              "parentUUID": "91018226-3a61-47a5-8dee-17825f08ffaa",
              "isHook": false,
              "skipped": false
            }
          ],
          "suites": [],
          "passes": [
            "e77ddf42-b537-46cb-a7d4-cf2de73cd740"
          ],
          "failures": [
            "cca2f805-54ef-414e-9d33-96ce0dd753dc"
          ],
          "pending": [],
          "skipped": [],
          "duration": 11802,
          "root": false,
          "rootEmpty": false,
          "_timeout": 2000
        }
      ],
      "passes": [],
      "failures": [],
      "pending": [],
      "skipped": [],
      "duration": 0,
      "root": true,
      "rootEmpty": true,
      "_timeout": 2000
    }
  ],
  "meta": {
    "mocha": {
      "version": "7.0.1"
    },
    "mochawesome": {
      "options": {
        "quiet": true,
        "reportFilename": "mochawesome",
        "saveHtml": false,
        "saveJson": true,
        "consoleReporter": "spec",
        "useInlineDiffs": false,
        "code": true
      },
      "version": "7.1.3"
    },
    "marge": {
      "options": {
        "id": "default",
        "reportDir": "cypress/results/mochawesome",
        "quiet": true,
        "overwrite": false,
        "html": false,
        "json": true
      },
      "version": "6.2.0"
    }
  }
}