{
  "stats": {
    "suites": 1,
    "tests": 2,
    "passes": 1,
    "pending": 0,
    "failures": 1,
    "start": "2022-11-14T03:52:12.754Z",
    "end": "2022-11-14T03:52:26.901Z",
    "duration": 14147,
    "testsRegistered": 2,
    "passPercent": 50,
    "pendingPercent": 0,
    "other": 0,
    "hasOther": false,
    "skipped": 0,
    "hasSkipped": false
  },
  "results": [
    {
      "uuid": "fad22bb7-c2ba-4fd4-9a74-dd8b9b5d0920",
      "title": "",
      "fullFile": "cypress/e2e/regression/contact-us.cy.js",
      "file": "cypress/e2e/regression/contact-us.cy.js",
      "beforeHooks": [],
      "afterHooks": [],
      "tests": [],
      "suites": [
        {
          "uuid": "fbca03c0-efb3-4745-ab21-80fb9b7930f2",
          "title": "Test contact us form via Webdriver Uni",
          "fullFile": "",
          "file": "",
          "beforeHooks": [],
          "afterHooks": [],
          "tests": [
            {
              "title": "Should be able to submit via contact form",
              "fullTitle": "Test contact us form via Webdriver Uni Should be able to submit via contact form",
              "timedOut": null,
              "duration": 5941,
              "state": "passed",
              "speed": "medium",
              "pass": true,
              "fail": false,
              "pending": false,
              "context": null,
              "code": "cy.get('[name=\"first_name\"]').click().type(\"Samantha\");\ncy.get('[name=\"last_name\"]').click().type(\"Louw\");\ncy.get('[name=\"email\"]').click().type(\"sam@test.com\");\ncy.get('textarea.feedback-input').click().type(\"This is a message\");\ncy.get('[type=\"submit\"]').click();\ncy.get('h1').should(\"have.text\", \"Thank You for your Message!\");\ncy.url().should(\"equal\", \"https://www.webdriveruniversity.com/Contact-Us/contact-form-thank-you.html\");",
              "err": {},
              "uuid": "204656db-0b7a-4771-ba38-9fd08ea94e3f",
              "parentUUID": "fbca03c0-efb3-4745-ab21-80fb9b7930f2",
              "isHook": false,
              "skipped": false
            },
            {
              "title": "Should not be able to submit via contact form - all fields required",
              "fullTitle": "Test contact us form via Webdriver Uni Should not be able to submit via contact form - all fields required",
              "timedOut": null,
              "duration": 5046,
              "state": "failed",
              "speed": null,
              "pass": false,
              "fail": true,
              "pending": false,
              "context": null,
              "code": "cy.get('#contact-us > .thumbnail > .section-title > h1').click();\ncy.get('[name=\"first_name\"]').click().type(\"Samantha\");\ncy.get('[type=\"submit\"]').click();\ncy.get('body').should(\"contain.text\", \"Error: all fields are required\");",
              "err": {
                "message": "AssertionError: Timed out retrying after 4000ms: Expected to find element: `#contact-us > .thumbnail > .section-title > h1`, but never found it.",
                "estack": "AssertionError: Timed out retrying after 4000ms: Expected to find element: `#contact-us > .thumbnail > .section-title > h1`, but never found it.\n    at Context.eval (webpack:///./cypress/e2e/regression/contact-us.cy.js:21:11)",
                "diff": null
              },
              "uuid": "d218b98f-ae3f-4a82-990b-30f79269c228",
              "parentUUID": "fbca03c0-efb3-4745-ab21-80fb9b7930f2",
              "isHook": false,
              "skipped": false
            }
          ],
          "suites": [],
          "passes": [
            "204656db-0b7a-4771-ba38-9fd08ea94e3f"
          ],
          "failures": [
            "d218b98f-ae3f-4a82-990b-30f79269c228"
          ],
          "pending": [],
          "skipped": [],
          "duration": 10987,
          "root": false,
          "rootEmpty": false,
          "_timeout": 2000
        }
      ],
      "passes": [],
      "failures": [],
      "pending": [],
      "skipped": [],
      "duration": 0,
      "root": true,
      "rootEmpty": true,
      "_timeout": 2000
    }
  ],
  "meta": {
    "mocha": {
      "version": "7.0.1"
    },
    "mochawesome": {
      "options": {
        "quiet": true,
        "reportFilename": "mochawesome",
        "saveHtml": false,
        "saveJson": true,
        "consoleReporter": "spec",
        "useInlineDiffs": false,
        "code": true
      },
      "version": "7.1.3"
    },
    "marge": {
      "options": {
        "id": "default",
        "reportDir": "cypress/results/mochawesome",
        "quiet": true,
        "overwrite": false,
        "html": false,
        "json": true
      },
      "version": "6.2.0"
    }
  }
}